DEPRECATION WARNING: Leaving `ActiveRecord::ConnectionAdapters::SQLite3Adapter.represent_boolean_as_integer`
set to false is deprecated. SQLite databases have used 't' and 'f' to serialize
boolean values and must have old data converted to 1 and 0 (its native boolean
serialization) before setting this flag to true. Conversion can be accomplished
by setting up a rake task which runs

  ExampleModel.where("boolean_column = 't'").update_all(boolean_column: 1)
  ExampleModel.where("boolean_column = 'f'").update_all(boolean_column: 0)

for all models and all boolean columns, after which the flag must be set to
true by adding the following to your application.rb file:

  Rails.application.config.active_record.sqlite3.represent_boolean_as_integer = true
 (called from instance_eval at /Users/hbouamor/.rvm/gems/ruby-2.6.3/gems/activesupport-5.2.4.4/lib/active_support/lazy_load_hooks.rb:71)
Started GET "/" for ::1 at 2021-04-18 22:13:06 +0300

ActiveRecord::PendingMigrationError - Migrations are pending. To resolve this issue, run:
        bin/rails db:migrate RAILS_ENV=development:

Started POST "/__better_errors/a0c1cf4fde87606a/variables" for ::1 at 2021-04-18 22:13:07 +0300
DEPRECATION WARNING: Leaving `ActiveRecord::ConnectionAdapters::SQLite3Adapter.represent_boolean_as_integer`
set to false is deprecated. SQLite databases have used 't' and 'f' to serialize
boolean values and must have old data converted to 1 and 0 (its native boolean
serialization) before setting this flag to true. Conversion can be accomplished
by setting up a rake task which runs

  ExampleModel.where("boolean_column = 't'").update_all(boolean_column: 1)
  ExampleModel.where("boolean_column = 'f'").update_all(boolean_column: 0)

for all models and all boolean columns, after which the flag must be set to
true by adding the following to your application.rb file:

  Rails.application.config.active_record.sqlite3.represent_boolean_as_integer = true
 (called from require at /Users/hbouamor/Documents/Teaching/Spring2021/67-272/labs_from_pitt/67272_lab_solutions/LabSolutions-Rails5.2.4.4/Lab10-BandBlitz/bin/rails:9)
  [1m[35m (0.1ms)[0m  [1m[34mSELECT sqlite_version(*)[0m
  [1m[35m (2.9ms)[0m  [1m[35mCREATE TABLE "schema_migrations" ("version" varchar NOT NULL PRIMARY KEY)[0m
  [1m[35m (1.3ms)[0m  [1m[35mCREATE TABLE "ar_internal_metadata" ("key" varchar NOT NULL PRIMARY KEY, "value" varchar, "created_at" datetime NOT NULL, "updated_at" datetime NOT NULL)[0m
  [1m[35m (0.1ms)[0m  [1m[34mSELECT "schema_migrations"."version" FROM "schema_migrations" ORDER BY "schema_migrations"."version" ASC[0m
Migrating to CreateBandGenres (20170925172142)
  [1m[35m (0.1ms)[0m  [1m[36mbegin transaction[0m
  [1m[35m (1.2ms)[0m  [1m[35mCREATE TABLE "band_genres" ("id" integer PRIMARY KEY AUTOINCREMENT NOT NULL, "band_id" integer, "genre_id" integer, "created_at" datetime NOT NULL, "updated_at" datetime NOT NULL)[0m
  [1m[36mActiveRecord::SchemaMigration Create (0.3ms)[0m  [1m[32mINSERT INTO "schema_migrations" ("version") VALUES (?)[0m  [["version", "20170925172142"]]
  [1m[35m (2.2ms)[0m  [1m[36mcommit transaction[0m
Migrating to CreateBands (20170925172315)
  [1m[35m (0.1ms)[0m  [1m[36mbegin transaction[0m
  [1m[35m (2.2ms)[0m  [1m[35mCREATE TABLE "bands" ("id" integer PRIMARY KEY AUTOINCREMENT NOT NULL, "name" varchar, "description" text, "playing_next" varchar, "when_playing_next" datetime, "photo" varchar, "song" varchar, "created_at" datetime NOT NULL, "updated_at" datetime NOT NULL)[0m
  [1m[36mActiveRecord::SchemaMigration Create (0.2ms)[0m  [1m[32mINSERT INTO "schema_migrations" ("version") VALUES (?)[0m  [["version", "20170925172315"]]
  [1m[35m (1.7ms)[0m  [1m[36mcommit transaction[0m
Migrating to CreateGenres (20170925172344)
  [1m[35m (0.1ms)[0m  [1m[36mbegin transaction[0m
  [1m[35m (1.1ms)[0m  [1m[35mCREATE TABLE "genres" ("id" integer PRIMARY KEY AUTOINCREMENT NOT NULL, "name" varchar, "created_at" datetime NOT NULL, "updated_at" datetime NOT NULL)[0m
  [1m[36mActiveRecord::SchemaMigration Create (0.2ms)[0m  [1m[32mINSERT INTO "schema_migrations" ("version") VALUES (?)[0m  [["version", "20170925172344"]]
  [1m[35m (2.3ms)[0m  [1m[36mcommit transaction[0m
Migrating to CreateUsers (20210401210456)
  [1m[35m (0.1ms)[0m  [1m[36mbegin transaction[0m
  [1m[35m (0.6ms)[0m  [1m[35mCREATE TABLE "users" ("id" integer PRIMARY KEY AUTOINCREMENT NOT NULL, "first_name" varchar, "last_name" varchar, "email" varchar, "role" varchar DEFAULT 'member', "password_digest" varchar, "band_id" integer, "active" boolean DEFAULT 't', "created_at" datetime NOT NULL, "updated_at" datetime NOT NULL)[0m
  [1m[36mActiveRecord::SchemaMigration Create (0.4ms)[0m  [1m[32mINSERT INTO "schema_migrations" ("version") VALUES (?)[0m  [["version", "20210401210456"]]
  [1m[35m (2.9ms)[0m  [1m[36mcommit transaction[0m
Migrating to CreateAdministrator (20210402003223)
  [1m[35m (0.1ms)[0m  [1m[36mbegin transaction[0m
  [1m[36mGenre Create (0.6ms)[0m  [1m[32mINSERT INTO "genres" ("name", "created_at", "updated_at") VALUES (?, ?, ?)[0m  [["name", "Admin Genre"], ["created_at", "2021-04-18 19:14:02.684203"], ["updated_at", "2021-04-18 19:14:02.684203"]]
  [1m[36mGenre Load (0.1ms)[0m  [1m[34mSELECT "genres".* FROM "genres"[0m
  [1m[36mBand Create (0.2ms)[0m  [1m[32mINSERT INTO "bands" ("name", "description", "created_at", "updated_at") VALUES (?, ?, ?, ?)[0m  [["name", "Admin Band"], ["description", "An initial band to create users"], ["created_at", "2021-04-18 19:14:02.737653"], ["updated_at", "2021-04-18 19:14:02.737653"]]
  [1m[36mBandGenre Load (0.1ms)[0m  [1m[34mSELECT "band_genres".* FROM "band_genres"[0m
  [1m[36mBand Load (0.1ms)[0m  [1m[34mSELECT  "bands".* FROM "bands" WHERE "bands"."id" = ? LIMIT ?[0m  [["id", 1], ["LIMIT", 1]]
  [1m[36mGenre Load (0.1ms)[0m  [1m[34mSELECT  "genres".* FROM "genres" WHERE "genres"."id" = ? LIMIT ?[0m  [["id", 1], ["LIMIT", 1]]
  [1m[36mBandGenre Create (0.2ms)[0m  [1m[32mINSERT INTO "band_genres" ("band_id", "genre_id", "created_at", "updated_at") VALUES (?, ?, ?, ?)[0m  [["band_id", 1], ["genre_id", 1], ["created_at", "2021-04-18 19:14:02.805831"], ["updated_at", "2021-04-18 19:14:02.805831"]]
  [1m[36mBand Load (0.7ms)[0m  [1m[34mSELECT  "bands".* FROM "bands" WHERE "bands"."id" = ? LIMIT ?[0m  [["id", 1], ["LIMIT", 1]]
  [1m[36mUser Exists (0.1ms)[0m  [1m[34mSELECT  1 AS one FROM "users" WHERE "users"."email" = ? LIMIT ?[0m  [["email", "admin@example.com"], ["LIMIT", 1]]
  [1m[36mUser Create (0.2ms)[0m  [1m[32mINSERT INTO "users" ("first_name", "last_name", "email", "role", "password_digest", "band_id", "created_at", "updated_at") VALUES (?, ?, ?, ?, ?, ?, ?, ?)[0m  [["first_name", "Admin"], ["last_name", "Admin"], ["email", "admin@example.com"], ["role", "admin"], ["password_digest", "$2a$12$CFu2cRgeZUpZP0CBKqL.TeAipOfQypAtJTT2gMt.Hn0gLtGRX3uC6"], ["band_id", 1], ["created_at", "2021-04-18 19:14:03.032696"], ["updated_at", "2021-04-18 19:14:03.032696"]]
  [1m[36mActiveRecord::SchemaMigration Create (0.2ms)[0m  [1m[32mINSERT INTO "schema_migrations" ("version") VALUES (?)[0m  [["version", "20210402003223"]]
  [1m[35m (1.8ms)[0m  [1m[36mcommit transaction[0m
  [1m[36mActiveRecord::InternalMetadata Load (0.2ms)[0m  [1m[34mSELECT  "ar_internal_metadata".* FROM "ar_internal_metadata" WHERE "ar_internal_metadata"."key" = ? LIMIT ?[0m  [["key", "environment"], ["LIMIT", 1]]
  [1m[35m (0.0ms)[0m  [1m[36mbegin transaction[0m
  [1m[36mActiveRecord::InternalMetadata Create (0.6ms)[0m  [1m[32mINSERT INTO "ar_internal_metadata" ("key", "value", "created_at", "updated_at") VALUES (?, ?, ?, ?)[0m  [["key", "environment"], ["value", "development"], ["created_at", "2021-04-18 19:14:03.062361"], ["updated_at", "2021-04-18 19:14:03.062361"]]
  [1m[35m (1.9ms)[0m  [1m[36mcommit transaction[0m
  [1m[35m (0.1ms)[0m  [1m[34mSELECT "schema_migrations"."version" FROM "schema_migrations" ORDER BY "schema_migrations"."version" ASC[0m
Started GET "/" for ::1 at 2021-04-18 22:14:10 +0300
  [1m[35m (0.2ms)[0m  [1m[34mSELECT "schema_migrations"."version" FROM "schema_migrations" ORDER BY "schema_migrations"."version" ASC[0m
Processing by BandsController#index as HTML
  [1m[36mBand Load (0.2ms)[0m  [1m[34mSELECT "bands".* FROM "bands" ORDER BY name[0m
  Rendering bands/index.html.erb within layouts/application
  Rendered bands/index.html.erb within layouts/application (31.2ms)
Completed 200 OK in 1433ms (Views: 1387.0ms | ActiveRecord: 2.4ms)


Started GET "/login" for ::1 at 2021-04-18 22:14:15 +0300
Processing by SessionsController#new as HTML
  Rendering sessions/new.html.erb within layouts/application
  Rendered sessions/new.html.erb within layouts/application (1.7ms)
Completed 200 OK in 32ms (Views: 26.7ms | ActiveRecord: 0.0ms)


Started POST "/sessions" for ::1 at 2021-04-18 22:14:17 +0300
Processing by SessionsController#create as HTML
  Parameters: {"utf8"=>"✓", "authenticity_token"=>"VLHuTeEnNq/W8FYtGCJQocB7Tjc4IlAIWcLV1MqgBBLlkWgHS5UpVXaPd+D18Y3kUiP4GVTP8+g99bkRAfcfzA==", "email"=>"hbouamor", "password"=>"[FILTERED]", "commit"=>"Log In"}
  [1m[36mUser Load (0.3ms)[0m  [1m[34mSELECT  "users".* FROM "users" WHERE "users"."email" = ? LIMIT ?[0m  [["email", "hbouamor"], ["LIMIT", 1]]
  Rendering sessions/new.html.erb within layouts/application
  Rendered sessions/new.html.erb within layouts/application (1.1ms)
Completed 200 OK in 24ms (Views: 13.6ms | ActiveRecord: 0.3ms)


Started GET "/bands/1" for ::1 at 2021-04-18 22:14:26 +0300
Processing by BandsController#show as HTML
  Parameters: {"id"=>"1"}
  [1m[36mBand Load (0.3ms)[0m  [1m[34mSELECT  "bands".* FROM "bands" WHERE "bands"."id" = ? LIMIT ?[0m  [["id", 1], ["LIMIT", 1]]
  Rendering bands/show.html.erb within layouts/application
  [1m[35m (0.8ms)[0m  [1m[34mSELECT COUNT(*) FROM "genres" INNER JOIN "band_genres" ON "genres"."id" = "band_genres"."genre_id" WHERE "band_genres"."band_id" = ?[0m  [["band_id", 1]]
  [1m[36mGenre Load (0.2ms)[0m  [1m[34mSELECT "genres".* FROM "genres" INNER JOIN "band_genres" ON "genres"."id" = "band_genres"."genre_id" WHERE "band_genres"."band_id" = ?[0m  [["band_id", 1]]
  Rendered bands/show.html.erb within layouts/application (89.4ms)
Completed 200 OK in 137ms (Views: 106.3ms | ActiveRecord: 1.9ms)


Started GET "/login" for ::1 at 2021-04-18 22:14:29 +0300
Processing by SessionsController#new as HTML
  Rendering sessions/new.html.erb within layouts/application
  Rendered sessions/new.html.erb within layouts/application (1.4ms)
Completed 200 OK in 42ms (Views: 34.7ms | ActiveRecord: 0.0ms)


Started POST "/sessions" for ::1 at 2021-04-18 22:14:34 +0300
Processing by SessionsController#create as HTML
  Parameters: {"utf8"=>"✓", "authenticity_token"=>"2h2lKa8IYhoYP3LDPC39j1D/LjeMlXfeEP66x41XskxrPSNjBbp94LhAUw7R/iDKwqeYGeB41D50ydYCRgCpkg==", "email"=>"admin", "password"=>"[FILTERED]", "commit"=>"Log In"}
  [1m[36mUser Load (0.7ms)[0m  [1m[34mSELECT  "users".* FROM "users" WHERE "users"."email" = ? LIMIT ?[0m  [["email", "admin"], ["LIMIT", 1]]
  Rendering sessions/new.html.erb within layouts/application
  Rendered sessions/new.html.erb within layouts/application (1.4ms)
Completed 200 OK in 31ms (Views: 26.4ms | ActiveRecord: 0.7ms)


DEPRECATION WARNING: Leaving `ActiveRecord::ConnectionAdapters::SQLite3Adapter.represent_boolean_as_integer`
set to false is deprecated. SQLite databases have used 't' and 'f' to serialize
boolean values and must have old data converted to 1 and 0 (its native boolean
serialization) before setting this flag to true. Conversion can be accomplished
by setting up a rake task which runs

  ExampleModel.where("boolean_column = 't'").update_all(boolean_column: 1)
  ExampleModel.where("boolean_column = 'f'").update_all(boolean_column: 0)

for all models and all boolean columns, after which the flag must be set to
true by adding the following to your application.rb file:

  Rails.application.config.active_record.sqlite3.represent_boolean_as_integer = true
 (called from require at /Users/hbouamor/.rvm/rubies/ruby-2.6.3/lib/ruby/site_ruby/2.6.0/rubygems/core_ext/kernel_require.rb:54)
Started POST "/sessions" for ::1 at 2021-04-18 22:14:39 +0300
Processing by SessionsController#create as HTML
  Parameters: {"utf8"=>"✓", "authenticity_token"=>"Nbng3ly0Oux/TLO0oAbMkCtuo65WlgXmkmcnKczWg4mEmWaU9gYlFt8zknlN1RHVuTYVgDp7pgb2UEvsB4GYVw==", "email"=>"admin", "password"=>"[FILTERED]", "commit"=>"Log In"}
  [1m[36mUser Load (0.2ms)[0m  [1m[34mSELECT  "users".* FROM "users" WHERE "users"."email" = ? LIMIT ?[0m  [["email", "admin"], ["LIMIT", 1]]
  Rendering sessions/new.html.erb within layouts/application
  Rendered sessions/new.html.erb within layouts/application (0.8ms)
Completed 200 OK in 40ms (Views: 34.9ms | ActiveRecord: 0.2ms)


Started POST "/sessions" for ::1 at 2021-04-18 22:14:52 +0300
Processing by SessionsController#create as HTML
  Parameters: {"utf8"=>"✓", "authenticity_token"=>"obfrd1JJFdedgN1E9lU3vi+QHgdzWe6o+MAxpg9TbTUQl209+PsKLT3//Ikbhur7vcioKR+0TUic911jxAR26w==", "email"=>"admin", "password"=>"[FILTERED]", "commit"=>"Log In"}
  [1m[36mUser Load (0.3ms)[0m  [1m[34mSELECT  "users".* FROM "users" WHERE "users"."email" = ? LIMIT ?[0m  [["email", "admin"], ["LIMIT", 1]]
  Rendering sessions/new.html.erb within layouts/application
  Rendered sessions/new.html.erb within layouts/application (1.7ms)
Completed 200 OK in 42ms (Views: 25.8ms | ActiveRecord: 0.3ms)


Started POST "/sessions" for ::1 at 2021-04-18 22:14:56 +0300
Processing by SessionsController#create as HTML
  Parameters: {"utf8"=>"✓", "authenticity_token"=>"fiCTLpT+BcyvZ7Tae3dVeQUkF/1uIjvjUKENC2H68MjPABVkPkwaNg8YlReWpIg8l3yh0wLPmAM0lmHOqq3rFg==", "email"=>"admin", "password"=>"[FILTERED]", "commit"=>"Log In"}
  [1m[36mUser Load (0.2ms)[0m  [1m[34mSELECT  "users".* FROM "users" WHERE "users"."email" = ? LIMIT ?[0m  [["email", "admin"], ["LIMIT", 1]]
  Rendering sessions/new.html.erb within layouts/application
  Rendered sessions/new.html.erb within layouts/application (1.9ms)
Completed 200 OK in 49ms (Views: 36.3ms | ActiveRecord: 0.2ms)


Started POST "/sessions" for ::1 at 2021-04-18 22:15:34 +0300
Processing by SessionsController#create as HTML
  Parameters: {"utf8"=>"✓", "authenticity_token"=>"EOjviEtWOHR7Ihw9FZhZ4Ivb9ydJeKh4iljelZIO0gKhyGnC4eQnjttdPfD4S4SlGYNBCSWVC5jub7JQWVnJ3A==", "email"=>"admin", "password"=>"[FILTERED]", "commit"=>"Log In"}
  [1m[36mUser Load (0.2ms)[0m  [1m[34mSELECT  "users".* FROM "users" WHERE "users"."email" = ? LIMIT ?[0m  [["email", "admin"], ["LIMIT", 1]]
  Rendering sessions/new.html.erb within layouts/application
  Rendered sessions/new.html.erb within layouts/application (2.6ms)
Completed 200 OK in 80ms (Views: 69.7ms | ActiveRecord: 0.2ms)


Started POST "/sessions" for ::1 at 2021-04-18 22:15:36 +0300
Processing by SessionsController#create as HTML
  Parameters: {"utf8"=>"✓", "authenticity_token"=>"/m/ak79ZvdobFd9lNwHNl9wRn3h+0tQFvnNXH2oOEypPT1zZFeuiILtq/qja0hDSTkkpVhI/d+XaRDvaoVkI9A==", "email"=>"admin", "password"=>"[FILTERED]", "commit"=>"Log In"}
  [1m[36mUser Load (0.1ms)[0m  [1m[34mSELECT  "users".* FROM "users" WHERE "users"."email" = ? LIMIT ?[0m  [["email", "admin"], ["LIMIT", 1]]
  Rendering sessions/new.html.erb within layouts/application
  Rendered sessions/new.html.erb within layouts/application (1.3ms)
Completed 200 OK in 41ms (Views: 39.0ms | ActiveRecord: 0.1ms)


Started POST "/sessions" for ::1 at 2021-04-18 22:15:57 +0300
Processing by SessionsController#create as HTML
  Parameters: {"utf8"=>"✓", "authenticity_token"=>"ansNJ85/frFddbLMoP8QdJqlD1c94jMGueY3dyMyzo/bW4ttZM1hS/0KkwFNLM0xCP25eVEPkObd0Vuy6GXVUQ==", "email"=>"admin@example.com", "password"=>"[FILTERED]", "commit"=>"Log In"}
  [1m[36mUser Load (0.6ms)[0m  [1m[34mSELECT  "users".* FROM "users" WHERE "users"."email" = ? LIMIT ?[0m  [["email", "admin@example.com"], ["LIMIT", 1]]
Redirected to http://localhost:3030/
Completed 302 Found in 332ms (ActiveRecord: 0.6ms)


Started GET "/" for ::1 at 2021-04-18 22:15:57 +0300
Processing by BandsController#index as HTML
  [1m[36mBand Load (0.2ms)[0m  [1m[34mSELECT "bands".* FROM "bands" ORDER BY name[0m
  Rendering bands/index.html.erb within layouts/application
  [1m[36mUser Load (0.2ms)[0m  [1m[34mSELECT  "users".* FROM "users" WHERE "users"."id" = ? LIMIT ?[0m  [["id", 1], ["LIMIT", 1]]
  Rendered bands/index.html.erb within layouts/application (14.3ms)
Completed 200 OK in 31ms (Views: 27.1ms | ActiveRecord: 0.4ms)


Started GET "/bands/new" for ::1 at 2021-04-18 22:16:07 +0300
Processing by BandsController#new as HTML
  [1m[36mUser Load (0.2ms)[0m  [1m[34mSELECT  "users".* FROM "users" WHERE "users"."id" = ? LIMIT ?[0m  [["id", 1], ["LIMIT", 1]]
  Rendering bands/new.html.erb within layouts/application
  [1m[36mGenre Load (0.2ms)[0m  [1m[34mSELECT "genres".* FROM "genres"[0m
  Rendered bands/_form.html.erb (2145.6ms)
  Rendered bands/new.html.erb within layouts/application (2151.7ms)
Completed 200 OK in 2178ms (Views: 2166.7ms | ActiveRecord: 0.4ms)


Started GET "/bands/new" for ::1 at 2021-04-18 22:16:39 +0300
Processing by BandsController#new as HTML
  [1m[36mUser Load (0.3ms)[0m  [1m[34mSELECT  "users".* FROM "users" WHERE "users"."id" = ? LIMIT ?[0m  [["id", 1], ["LIMIT", 1]]
  Rendering bands/new.html.erb within layouts/application
  [1m[36mGenre Load (0.2ms)[0m  [1m[34mSELECT "genres".* FROM "genres"[0m
  Rendered bands/_form.html.erb (9.5ms)
  Rendered bands/new.html.erb within layouts/application (13.7ms)
Completed 200 OK in 106ms (Views: 96.5ms | ActiveRecord: 0.5ms)


Started GET "/songs" for ::1 at 2021-04-18 22:16:56 +0300
  
ActionController::RoutingError (No route matches [GET] "/songs"):
  
actionpack (5.2.4.4) lib/action_dispatch/middleware/debug_exceptions.rb:65:in `call'
rack-contrib (2.3.0) lib/rack/contrib/response_headers.rb:19:in `call'
meta_request (0.7.2) lib/meta_request/middlewares/headers.rb:16:in `call'
web-console (3.7.0) lib/web_console/middleware.rb:135:in `call_app'
web-console (3.7.0) lib/web_console/middleware.rb:30:in `block in call'
web-console (3.7.0) lib/web_console/middleware.rb:20:in `catch'
web-console (3.7.0) lib/web_console/middleware.rb:20:in `call'
actionpack (5.2.4.4) lib/action_dispatch/middleware/show_exceptions.rb:33:in `call'
railties (5.2.4.4) lib/rails/rack/logger.rb:38:in `call_app'
railties (5.2.4.4) lib/rails/rack/logger.rb:26:in `block in call'
activesupport (5.2.4.4) lib/active_support/tagged_logging.rb:71:in `block in tagged'
activesupport (5.2.4.4) lib/active_support/tagged_logging.rb:28:in `tagged'
activesupport (5.2.4.4) lib/active_support/tagged_logging.rb:71:in `tagged'
railties (5.2.4.4) lib/rails/rack/logger.rb:26:in `call'
sprockets-rails (3.2.2) lib/sprockets/rails/quiet_assets.rb:13:in `call'
actionpack (5.2.4.4) lib/action_dispatch/middleware/remote_ip.rb:81:in `call'
actionpack (5.2.4.4) lib/action_dispatch/middleware/request_id.rb:27:in `call'
rack (2.2.3) lib/rack/method_override.rb:24:in `call'
rack (2.2.3) lib/rack/runtime.rb:22:in `call'
activesupport (5.2.4.4) lib/active_support/cache/strategy/local_cache_middleware.rb:29:in `call'
actionpack (5.2.4.4) lib/action_dispatch/middleware/executor.rb:14:in `call'
actionpack (5.2.4.4) lib/action_dispatch/middleware/static.rb:127:in `call'
rack (2.2.3) lib/rack/sendfile.rb:110:in `call'
railties (5.2.4.4) lib/rails/engine.rb:524:in `call'
puma (3.12.6) lib/puma/configuration.rb:227:in `call'
puma (3.12.6) lib/puma/server.rb:706:in `handle_request'
puma (3.12.6) lib/puma/server.rb:476:in `process_client'
puma (3.12.6) lib/puma/server.rb:334:in `block in run'
puma (3.12.6) lib/puma/thread_pool.rb:135:in `block in spawn_thread'
Started GET "/genres" for ::1 at 2021-04-18 22:17:25 +0300
Processing by GenresController#index as HTML
  [1m[36mUser Load (0.3ms)[0m  [1m[34mSELECT  "users".* FROM "users" WHERE "users"."id" = ? LIMIT ?[0m  [["id", 1], ["LIMIT", 1]]
  [1m[36mGenre Load (0.2ms)[0m  [1m[34mSELECT "genres".* FROM "genres" ORDER BY name[0m
  Rendering genres/index.html.erb within layouts/application
  Rendered genres/index.html.erb within layouts/application (1.1ms)
Completed 200 OK in 40ms (Views: 21.9ms | ActiveRecord: 0.5ms)


Started GET "/genres/new" for ::1 at 2021-04-18 22:17:27 +0300
Processing by GenresController#new as HTML
  [1m[36mUser Load (0.2ms)[0m  [1m[34mSELECT  "users".* FROM "users" WHERE "users"."id" = ? LIMIT ?[0m  [["id", 1], ["LIMIT", 1]]
  Rendering genres/new.html.erb within layouts/application
  Rendered genres/_form.html.erb (1.4ms)
  Rendered genres/new.html.erb within layouts/application (7.5ms)
Completed 200 OK in 38ms (Views: 23.2ms | ActiveRecord: 0.2ms)


Started GET "/genres/new" for ::1 at 2021-04-18 22:18:57 +0300
Processing by GenresController#new as HTML
  [1m[36mUser Load (0.2ms)[0m  [1m[34mSELECT  "users".* FROM "users" WHERE "users"."id" = ? LIMIT ?[0m  [["id", 1], ["LIMIT", 1]]
  Rendering genres/new.html.erb within layouts/application
  Rendered genres/_form.html.erb (2.5ms)
  Rendered genres/new.html.erb within layouts/application (5.2ms)
Completed 200 OK in 37ms (Views: 26.3ms | ActiveRecord: 0.2ms)


Started GET "/genres" for ::1 at 2021-04-18 22:18:59 +0300
Processing by GenresController#index as HTML
  [1m[36mUser Load (0.2ms)[0m  [1m[34mSELECT  "users".* FROM "users" WHERE "users"."id" = ? LIMIT ?[0m  [["id", 1], ["LIMIT", 1]]
  [1m[36mGenre Load (0.3ms)[0m  [1m[34mSELECT "genres".* FROM "genres" ORDER BY name[0m
  Rendering genres/index.html.erb within layouts/application
  Rendered genres/index.html.erb within layouts/application (1.0ms)
Completed 200 OK in 27ms (Views: 16.4ms | ActiveRecord: 0.6ms)


Started GET "/bands" for ::1 at 2021-04-18 22:19:48 +0300
Processing by BandsController#index as HTML
  [1m[36mBand Load (0.4ms)[0m  [1m[34mSELECT "bands".* FROM "bands" ORDER BY name[0m
  Rendering bands/index.html.erb within layouts/application
  [1m[36mUser Load (0.2ms)[0m  [1m[34mSELECT  "users".* FROM "users" WHERE "users"."id" = ? LIMIT ?[0m  [["id", 1], ["LIMIT", 1]]
  Rendered bands/index.html.erb within layouts/application (12.1ms)
Completed 200 OK in 47ms (Views: 39.3ms | ActiveRecord: 0.6ms)


Started GET "/bands/new" for ::1 at 2021-04-18 22:19:49 +0300
Processing by BandsController#new as HTML
  [1m[36mUser Load (0.3ms)[0m  [1m[34mSELECT  "users".* FROM "users" WHERE "users"."id" = ? LIMIT ?[0m  [["id", 1], ["LIMIT", 1]]
  Rendering bands/new.html.erb within layouts/application
  [1m[36mGenre Load (0.2ms)[0m  [1m[34mSELECT "genres".* FROM "genres"[0m
  Rendered bands/_form.html.erb (9.7ms)
  Rendered bands/new.html.erb within layouts/application (27.2ms)
Completed 200 OK in 52ms (Views: 42.8ms | ActiveRecord: 0.5ms)


